Copyright 1986-2019 Xilinx, Inc. All Rights Reserved.
--------------------------------------------------------------------------------------------------------------------------------------------------------------
| Tool Version : Vivado v.2019.2 (win64) Build 2708876 Wed Nov  6 21:40:23 MST 2019
| Date         : Sun Dec 29 21:30:02 2024
| Host         : DESKTOP-U3T2UJ9 running 64-bit major release  (build 9200)
| Command      : report_methodology -file madgwick_methodology_drc_routed.rpt -pb madgwick_methodology_drc_routed.pb -rpx madgwick_methodology_drc_routed.rpx
| Design       : madgwick
| Device       : xc7a100tcsg324-1
| Speed File   : -1
| Design State : Fully Routed
--------------------------------------------------------------------------------------------------------------------------------------------------------------

Report Methodology

Table of Contents
-----------------
1. REPORT SUMMARY
2. REPORT DETAILS

1. REPORT SUMMARY
-----------------
            Netlist: netlist
          Floorplan: design_1
      Design limits: <entire design considered>
             Max violations: <unlimited>
             Violations found: 191
+-----------+----------+-------------------------------+------------+
| Rule      | Severity | Description                   | Violations |
+-----------+----------+-------------------------------+------------+
| SYNTH-10  | Warning  | Wide multiplier               | 5          |
| TIMING-18 | Warning  | Missing input or output delay | 186        |
+-----------+----------+-------------------------------+------------+

2. REPORT DETAILS
-----------------
SYNTH-10#1 Warning
Wide multiplier  
Detected multiplier at invSqrtAccNorm/newt_raph_inst/y_temp0 of size 17x18, it is decomposed from a wide multipler into 4 DSP blocks.
Related violations: <none>

SYNTH-10#2 Warning
Wide multiplier  
Detected multiplier at invSqrtAccNorm/newt_raph_inst/y_temp_reg of size 17x18, it is decomposed from a wide multipler into 4 DSP blocks.
Related violations: <none>

SYNTH-10#3 Warning
Wide multiplier  
Detected multiplier at invSqrtErrGradNorm/newt_raph_inst/y_temp0 of size 17x18, it is decomposed from a wide multipler into 4 DSP blocks.
Related violations: <none>

SYNTH-10#4 Warning
Wide multiplier  
Detected multiplier at invSqrtErrGradNorm/newt_raph_inst/y_temp0__0 of size 17x18, it is decomposed from a wide multipler into 4 DSP blocks.
Related violations: <none>

SYNTH-10#5 Warning
Wide multiplier  
Detected multiplier at invSqrtErrGradNorm/newt_raph_inst/y_temp_reg of size 17x18, it is decomposed from a wide multipler into 4 DSP blocks.
Related violations: <none>

TIMING-18#1 Warning
Missing input or output delay  
An input delay is missing on a_x[0] relative to clock(s) sys_clk_pin
Related violations: <none>

TIMING-18#2 Warning
Missing input or output delay  
An input delay is missing on a_x[10] relative to clock(s) sys_clk_pin
Related violations: <none>

TIMING-18#3 Warning
Missing input or output delay  
An input delay is missing on a_x[11] relative to clock(s) sys_clk_pin
Related violations: <none>

TIMING-18#4 Warning
Missing input or output delay  
An input delay is missing on a_x[12] relative to clock(s) sys_clk_pin
Related violations: <none>

TIMING-18#5 Warning
Missing input or output delay  
An input delay is missing on a_x[13] relative to clock(s) sys_clk_pin
Related violations: <none>

TIMING-18#6 Warning
Missing input or output delay  
An input delay is missing on a_x[14] relative to clock(s) sys_clk_pin
Related violations: <none>

TIMING-18#7 Warning
Missing input or output delay  
An input delay is missing on a_x[15] relative to clock(s) sys_clk_pin
Related violations: <none>

TIMING-18#8 Warning
Missing input or output delay  
An input delay is missing on a_x[16] relative to clock(s) sys_clk_pin
Related violations: <none>

TIMING-18#9 Warning
Missing input or output delay  
An input delay is missing on a_x[1] relative to clock(s) sys_clk_pin
Related violations: <none>

TIMING-18#10 Warning
Missing input or output delay  
An input delay is missing on a_x[2] relative to clock(s) sys_clk_pin
Related violations: <none>

TIMING-18#11 Warning
Missing input or output delay  
An input delay is missing on a_x[3] relative to clock(s) sys_clk_pin
Related violations: <none>

TIMING-18#12 Warning
Missing input or output delay  
An input delay is missing on a_x[4] relative to clock(s) sys_clk_pin
Related violations: <none>

TIMING-18#13 Warning
Missing input or output delay  
An input delay is missing on a_x[5] relative to clock(s) sys_clk_pin
Related violations: <none>

TIMING-18#14 Warning
Missing input or output delay  
An input delay is missing on a_x[6] relative to clock(s) sys_clk_pin
Related violations: <none>

TIMING-18#15 Warning
Missing input or output delay  
An input delay is missing on a_x[7] relative to clock(s) sys_clk_pin
Related violations: <none>

TIMING-18#16 Warning
Missing input or output delay  
An input delay is missing on a_x[8] relative to clock(s) sys_clk_pin
Related violations: <none>

TIMING-18#17 Warning
Missing input or output delay  
An input delay is missing on a_x[9] relative to clock(s) sys_clk_pin
Related violations: <none>

TIMING-18#18 Warning
Missing input or output delay  
An input delay is missing on a_y[0] relative to clock(s) sys_clk_pin
Related violations: <none>

TIMING-18#19 Warning
Missing input or output delay  
An input delay is missing on a_y[10] relative to clock(s) sys_clk_pin
Related violations: <none>

TIMING-18#20 Warning
Missing input or output delay  
An input delay is missing on a_y[11] relative to clock(s) sys_clk_pin
Related violations: <none>

TIMING-18#21 Warning
Missing input or output delay  
An input delay is missing on a_y[12] relative to clock(s) sys_clk_pin
Related violations: <none>

TIMING-18#22 Warning
Missing input or output delay  
An input delay is missing on a_y[13] relative to clock(s) sys_clk_pin
Related violations: <none>

TIMING-18#23 Warning
Missing input or output delay  
An input delay is missing on a_y[14] relative to clock(s) sys_clk_pin
Related violations: <none>

TIMING-18#24 Warning
Missing input or output delay  
An input delay is missing on a_y[15] relative to clock(s) sys_clk_pin
Related violations: <none>

TIMING-18#25 Warning
Missing input or output delay  
An input delay is missing on a_y[16] relative to clock(s) sys_clk_pin
Related violations: <none>

TIMING-18#26 Warning
Missing input or output delay  
An input delay is missing on a_y[1] relative to clock(s) sys_clk_pin
Related violations: <none>

TIMING-18#27 Warning
Missing input or output delay  
An input delay is missing on a_y[2] relative to clock(s) sys_clk_pin
Related violations: <none>

TIMING-18#28 Warning
Missing input or output delay  
An input delay is missing on a_y[3] relative to clock(s) sys_clk_pin
Related violations: <none>

TIMING-18#29 Warning
Missing input or output delay  
An input delay is missing on a_y[4] relative to clock(s) sys_clk_pin
Related violations: <none>

TIMING-18#30 Warning
Missing input or output delay  
An input delay is missing on a_y[5] relative to clock(s) sys_clk_pin
Related violations: <none>

TIMING-18#31 Warning
Missing input or output delay  
An input delay is missing on a_y[6] relative to clock(s) sys_clk_pin
Related violations: <none>

TIMING-18#32 Warning
Missing input or output delay  
An input delay is missing on a_y[7] relative to clock(s) sys_clk_pin
Related violations: <none>

TIMING-18#33 Warning
Missing input or output delay  
An input delay is missing on a_y[8] relative to clock(s) sys_clk_pin
Related violations: <none>

TIMING-18#34 Warning
Missing input or output delay  
An input delay is missing on a_y[9] relative to clock(s) sys_clk_pin
Related violations: <none>

TIMING-18#35 Warning
Missing input or output delay  
An input delay is missing on a_z[0] relative to clock(s) sys_clk_pin
Related violations: <none>

TIMING-18#36 Warning
Missing input or output delay  
An input delay is missing on a_z[10] relative to clock(s) sys_clk_pin
Related violations: <none>

TIMING-18#37 Warning
Missing input or output delay  
An input delay is missing on a_z[11] relative to clock(s) sys_clk_pin
Related violations: <none>

TIMING-18#38 Warning
Missing input or output delay  
An input delay is missing on a_z[12] relative to clock(s) sys_clk_pin
Related violations: <none>

TIMING-18#39 Warning
Missing input or output delay  
An input delay is missing on a_z[13] relative to clock(s) sys_clk_pin
Related violations: <none>

TIMING-18#40 Warning
Missing input or output delay  
An input delay is missing on a_z[14] relative to clock(s) sys_clk_pin
Related violations: <none>

TIMING-18#41 Warning
Missing input or output delay  
An input delay is missing on a_z[15] relative to clock(s) sys_clk_pin
Related violations: <none>

TIMING-18#42 Warning
Missing input or output delay  
An input delay is missing on a_z[16] relative to clock(s) sys_clk_pin
Related violations: <none>

TIMING-18#43 Warning
Missing input or output delay  
An input delay is missing on a_z[1] relative to clock(s) sys_clk_pin
Related violations: <none>

TIMING-18#44 Warning
Missing input or output delay  
An input delay is missing on a_z[2] relative to clock(s) sys_clk_pin
Related violations: <none>

TIMING-18#45 Warning
Missing input or output delay  
An input delay is missing on a_z[3] relative to clock(s) sys_clk_pin
Related violations: <none>

TIMING-18#46 Warning
Missing input or output delay  
An input delay is missing on a_z[4] relative to clock(s) sys_clk_pin
Related violations: <none>

TIMING-18#47 Warning
Missing input or output delay  
An input delay is missing on a_z[5] relative to clock(s) sys_clk_pin
Related violations: <none>

TIMING-18#48 Warning
Missing input or output delay  
An input delay is missing on a_z[6] relative to clock(s) sys_clk_pin
Related violations: <none>

TIMING-18#49 Warning
Missing input or output delay  
An input delay is missing on a_z[7] relative to clock(s) sys_clk_pin
Related violations: <none>

TIMING-18#50 Warning
Missing input or output delay  
An input delay is missing on a_z[8] relative to clock(s) sys_clk_pin
Related violations: <none>

TIMING-18#51 Warning
Missing input or output delay  
An input delay is missing on a_z[9] relative to clock(s) sys_clk_pin
Related violations: <none>

TIMING-18#52 Warning
Missing input or output delay  
An input delay is missing on ready_out relative to clock(s) sys_clk_pin
Related violations: <none>

TIMING-18#53 Warning
Missing input or output delay  
An input delay is missing on rst_n relative to clock(s) sys_clk_pin
Related violations: <none>

TIMING-18#54 Warning
Missing input or output delay  
An input delay is missing on valid_in relative to clock(s) sys_clk_pin
Related violations: <none>

TIMING-18#55 Warning
Missing input or output delay  
An input delay is missing on w_x[0] relative to clock(s) sys_clk_pin
Related violations: <none>

TIMING-18#56 Warning
Missing input or output delay  
An input delay is missing on w_x[10] relative to clock(s) sys_clk_pin
Related violations: <none>

TIMING-18#57 Warning
Missing input or output delay  
An input delay is missing on w_x[11] relative to clock(s) sys_clk_pin
Related violations: <none>

TIMING-18#58 Warning
Missing input or output delay  
An input delay is missing on w_x[12] relative to clock(s) sys_clk_pin
Related violations: <none>

TIMING-18#59 Warning
Missing input or output delay  
An input delay is missing on w_x[13] relative to clock(s) sys_clk_pin
Related violations: <none>

TIMING-18#60 Warning
Missing input or output delay  
An input delay is missing on w_x[14] relative to clock(s) sys_clk_pin
Related violations: <none>

TIMING-18#61 Warning
Missing input or output delay  
An input delay is missing on w_x[15] relative to clock(s) sys_clk_pin
Related violations: <none>

TIMING-18#62 Warning
Missing input or output delay  
An input delay is missing on w_x[16] relative to clock(s) sys_clk_pin
Related violations: <none>

TIMING-18#63 Warning
Missing input or output delay  
An input delay is missing on w_x[17] relative to clock(s) sys_clk_pin
Related violations: <none>

TIMING-18#64 Warning
Missing input or output delay  
An input delay is missing on w_x[18] relative to clock(s) sys_clk_pin
Related violations: <none>

TIMING-18#65 Warning
Missing input or output delay  
An input delay is missing on w_x[19] relative to clock(s) sys_clk_pin
Related violations: <none>

TIMING-18#66 Warning
Missing input or output delay  
An input delay is missing on w_x[1] relative to clock(s) sys_clk_pin
Related violations: <none>

TIMING-18#67 Warning
Missing input or output delay  
An input delay is missing on w_x[20] relative to clock(s) sys_clk_pin
Related violations: <none>

TIMING-18#68 Warning
Missing input or output delay  
An input delay is missing on w_x[21] relative to clock(s) sys_clk_pin
Related violations: <none>

TIMING-18#69 Warning
Missing input or output delay  
An input delay is missing on w_x[2] relative to clock(s) sys_clk_pin
Related violations: <none>

TIMING-18#70 Warning
Missing input or output delay  
An input delay is missing on w_x[3] relative to clock(s) sys_clk_pin
Related violations: <none>

TIMING-18#71 Warning
Missing input or output delay  
An input delay is missing on w_x[4] relative to clock(s) sys_clk_pin
Related violations: <none>

TIMING-18#72 Warning
Missing input or output delay  
An input delay is missing on w_x[5] relative to clock(s) sys_clk_pin
Related violations: <none>

TIMING-18#73 Warning
Missing input or output delay  
An input delay is missing on w_x[6] relative to clock(s) sys_clk_pin
Related violations: <none>

TIMING-18#74 Warning
Missing input or output delay  
An input delay is missing on w_x[7] relative to clock(s) sys_clk_pin
Related violations: <none>

TIMING-18#75 Warning
Missing input or output delay  
An input delay is missing on w_x[8] relative to clock(s) sys_clk_pin
Related violations: <none>

TIMING-18#76 Warning
Missing input or output delay  
An input delay is missing on w_x[9] relative to clock(s) sys_clk_pin
Related violations: <none>

TIMING-18#77 Warning
Missing input or output delay  
An input delay is missing on w_y[0] relative to clock(s) sys_clk_pin
Related violations: <none>

TIMING-18#78 Warning
Missing input or output delay  
An input delay is missing on w_y[10] relative to clock(s) sys_clk_pin
Related violations: <none>

TIMING-18#79 Warning
Missing input or output delay  
An input delay is missing on w_y[11] relative to clock(s) sys_clk_pin
Related violations: <none>

TIMING-18#80 Warning
Missing input or output delay  
An input delay is missing on w_y[12] relative to clock(s) sys_clk_pin
Related violations: <none>

TIMING-18#81 Warning
Missing input or output delay  
An input delay is missing on w_y[13] relative to clock(s) sys_clk_pin
Related violations: <none>

TIMING-18#82 Warning
Missing input or output delay  
An input delay is missing on w_y[14] relative to clock(s) sys_clk_pin
Related violations: <none>

TIMING-18#83 Warning
Missing input or output delay  
An input delay is missing on w_y[15] relative to clock(s) sys_clk_pin
Related violations: <none>

TIMING-18#84 Warning
Missing input or output delay  
An input delay is missing on w_y[16] relative to clock(s) sys_clk_pin
Related violations: <none>

TIMING-18#85 Warning
Missing input or output delay  
An input delay is missing on w_y[17] relative to clock(s) sys_clk_pin
Related violations: <none>

TIMING-18#86 Warning
Missing input or output delay  
An input delay is missing on w_y[18] relative to clock(s) sys_clk_pin
Related violations: <none>

TIMING-18#87 Warning
Missing input or output delay  
An input delay is missing on w_y[19] relative to clock(s) sys_clk_pin
Related violations: <none>

TIMING-18#88 Warning
Missing input or output delay  
An input delay is missing on w_y[1] relative to clock(s) sys_clk_pin
Related violations: <none>

TIMING-18#89 Warning
Missing input or output delay  
An input delay is missing on w_y[20] relative to clock(s) sys_clk_pin
Related violations: <none>

TIMING-18#90 Warning
Missing input or output delay  
An input delay is missing on w_y[21] relative to clock(s) sys_clk_pin
Related violations: <none>

TIMING-18#91 Warning
Missing input or output delay  
An input delay is missing on w_y[2] relative to clock(s) sys_clk_pin
Related violations: <none>

TIMING-18#92 Warning
Missing input or output delay  
An input delay is missing on w_y[3] relative to clock(s) sys_clk_pin
Related violations: <none>

TIMING-18#93 Warning
Missing input or output delay  
An input delay is missing on w_y[4] relative to clock(s) sys_clk_pin
Related violations: <none>

TIMING-18#94 Warning
Missing input or output delay  
An input delay is missing on w_y[5] relative to clock(s) sys_clk_pin
Related violations: <none>

TIMING-18#95 Warning
Missing input or output delay  
An input delay is missing on w_y[6] relative to clock(s) sys_clk_pin
Related violations: <none>

TIMING-18#96 Warning
Missing input or output delay  
An input delay is missing on w_y[7] relative to clock(s) sys_clk_pin
Related violations: <none>

TIMING-18#97 Warning
Missing input or output delay  
An input delay is missing on w_y[8] relative to clock(s) sys_clk_pin
Related violations: <none>

TIMING-18#98 Warning
Missing input or output delay  
An input delay is missing on w_y[9] relative to clock(s) sys_clk_pin
Related violations: <none>

TIMING-18#99 Warning
Missing input or output delay  
An input delay is missing on w_z[0] relative to clock(s) sys_clk_pin
Related violations: <none>

TIMING-18#100 Warning
Missing input or output delay  
An input delay is missing on w_z[10] relative to clock(s) sys_clk_pin
Related violations: <none>

TIMING-18#101 Warning
Missing input or output delay  
An input delay is missing on w_z[11] relative to clock(s) sys_clk_pin
Related violations: <none>

TIMING-18#102 Warning
Missing input or output delay  
An input delay is missing on w_z[12] relative to clock(s) sys_clk_pin
Related violations: <none>

TIMING-18#103 Warning
Missing input or output delay  
An input delay is missing on w_z[13] relative to clock(s) sys_clk_pin
Related violations: <none>

TIMING-18#104 Warning
Missing input or output delay  
An input delay is missing on w_z[14] relative to clock(s) sys_clk_pin
Related violations: <none>

TIMING-18#105 Warning
Missing input or output delay  
An input delay is missing on w_z[15] relative to clock(s) sys_clk_pin
Related violations: <none>

TIMING-18#106 Warning
Missing input or output delay  
An input delay is missing on w_z[16] relative to clock(s) sys_clk_pin
Related violations: <none>

TIMING-18#107 Warning
Missing input or output delay  
An input delay is missing on w_z[17] relative to clock(s) sys_clk_pin
Related violations: <none>

TIMING-18#108 Warning
Missing input or output delay  
An input delay is missing on w_z[18] relative to clock(s) sys_clk_pin
Related violations: <none>

TIMING-18#109 Warning
Missing input or output delay  
An input delay is missing on w_z[19] relative to clock(s) sys_clk_pin
Related violations: <none>

TIMING-18#110 Warning
Missing input or output delay  
An input delay is missing on w_z[1] relative to clock(s) sys_clk_pin
Related violations: <none>

TIMING-18#111 Warning
Missing input or output delay  
An input delay is missing on w_z[20] relative to clock(s) sys_clk_pin
Related violations: <none>

TIMING-18#112 Warning
Missing input or output delay  
An input delay is missing on w_z[21] relative to clock(s) sys_clk_pin
Related violations: <none>

TIMING-18#113 Warning
Missing input or output delay  
An input delay is missing on w_z[2] relative to clock(s) sys_clk_pin
Related violations: <none>

TIMING-18#114 Warning
Missing input or output delay  
An input delay is missing on w_z[3] relative to clock(s) sys_clk_pin
Related violations: <none>

TIMING-18#115 Warning
Missing input or output delay  
An input delay is missing on w_z[4] relative to clock(s) sys_clk_pin
Related violations: <none>

TIMING-18#116 Warning
Missing input or output delay  
An input delay is missing on w_z[5] relative to clock(s) sys_clk_pin
Related violations: <none>

TIMING-18#117 Warning
Missing input or output delay  
An input delay is missing on w_z[6] relative to clock(s) sys_clk_pin
Related violations: <none>

TIMING-18#118 Warning
Missing input or output delay  
An input delay is missing on w_z[7] relative to clock(s) sys_clk_pin
Related violations: <none>

TIMING-18#119 Warning
Missing input or output delay  
An input delay is missing on w_z[8] relative to clock(s) sys_clk_pin
Related violations: <none>

TIMING-18#120 Warning
Missing input or output delay  
An input delay is missing on w_z[9] relative to clock(s) sys_clk_pin
Related violations: <none>

TIMING-18#121 Warning
Missing input or output delay  
An output delay is missing on q_w_norm_output[0] relative to clock(s) sys_clk_pin
Related violations: <none>

TIMING-18#122 Warning
Missing input or output delay  
An output delay is missing on q_w_norm_output[10] relative to clock(s) sys_clk_pin
Related violations: <none>

TIMING-18#123 Warning
Missing input or output delay  
An output delay is missing on q_w_norm_output[11] relative to clock(s) sys_clk_pin
Related violations: <none>

TIMING-18#124 Warning
Missing input or output delay  
An output delay is missing on q_w_norm_output[12] relative to clock(s) sys_clk_pin
Related violations: <none>

TIMING-18#125 Warning
Missing input or output delay  
An output delay is missing on q_w_norm_output[13] relative to clock(s) sys_clk_pin
Related violations: <none>

TIMING-18#126 Warning
Missing input or output delay  
An output delay is missing on q_w_norm_output[14] relative to clock(s) sys_clk_pin
Related violations: <none>

TIMING-18#127 Warning
Missing input or output delay  
An output delay is missing on q_w_norm_output[15] relative to clock(s) sys_clk_pin
Related violations: <none>

TIMING-18#128 Warning
Missing input or output delay  
An output delay is missing on q_w_norm_output[1] relative to clock(s) sys_clk_pin
Related violations: <none>

TIMING-18#129 Warning
Missing input or output delay  
An output delay is missing on q_w_norm_output[2] relative to clock(s) sys_clk_pin
Related violations: <none>

TIMING-18#130 Warning
Missing input or output delay  
An output delay is missing on q_w_norm_output[3] relative to clock(s) sys_clk_pin
Related violations: <none>

TIMING-18#131 Warning
Missing input or output delay  
An output delay is missing on q_w_norm_output[4] relative to clock(s) sys_clk_pin
Related violations: <none>

TIMING-18#132 Warning
Missing input or output delay  
An output delay is missing on q_w_norm_output[5] relative to clock(s) sys_clk_pin
Related violations: <none>

TIMING-18#133 Warning
Missing input or output delay  
An output delay is missing on q_w_norm_output[6] relative to clock(s) sys_clk_pin
Related violations: <none>

TIMING-18#134 Warning
Missing input or output delay  
An output delay is missing on q_w_norm_output[7] relative to clock(s) sys_clk_pin
Related violations: <none>

TIMING-18#135 Warning
Missing input or output delay  
An output delay is missing on q_w_norm_output[8] relative to clock(s) sys_clk_pin
Related violations: <none>

TIMING-18#136 Warning
Missing input or output delay  
An output delay is missing on q_w_norm_output[9] relative to clock(s) sys_clk_pin
Related violations: <none>

TIMING-18#137 Warning
Missing input or output delay  
An output delay is missing on q_x_norm_output[0] relative to clock(s) sys_clk_pin
Related violations: <none>

TIMING-18#138 Warning
Missing input or output delay  
An output delay is missing on q_x_norm_output[10] relative to clock(s) sys_clk_pin
Related violations: <none>

TIMING-18#139 Warning
Missing input or output delay  
An output delay is missing on q_x_norm_output[11] relative to clock(s) sys_clk_pin
Related violations: <none>

TIMING-18#140 Warning
Missing input or output delay  
An output delay is missing on q_x_norm_output[12] relative to clock(s) sys_clk_pin
Related violations: <none>

TIMING-18#141 Warning
Missing input or output delay  
An output delay is missing on q_x_norm_output[13] relative to clock(s) sys_clk_pin
Related violations: <none>

TIMING-18#142 Warning
Missing input or output delay  
An output delay is missing on q_x_norm_output[14] relative to clock(s) sys_clk_pin
Related violations: <none>

TIMING-18#143 Warning
Missing input or output delay  
An output delay is missing on q_x_norm_output[15] relative to clock(s) sys_clk_pin
Related violations: <none>

TIMING-18#144 Warning
Missing input or output delay  
An output delay is missing on q_x_norm_output[1] relative to clock(s) sys_clk_pin
Related violations: <none>

TIMING-18#145 Warning
Missing input or output delay  
An output delay is missing on q_x_norm_output[2] relative to clock(s) sys_clk_pin
Related violations: <none>

TIMING-18#146 Warning
Missing input or output delay  
An output delay is missing on q_x_norm_output[3] relative to clock(s) sys_clk_pin
Related violations: <none>

TIMING-18#147 Warning
Missing input or output delay  
An output delay is missing on q_x_norm_output[4] relative to clock(s) sys_clk_pin
Related violations: <none>

TIMING-18#148 Warning
Missing input or output delay  
An output delay is missing on q_x_norm_output[5] relative to clock(s) sys_clk_pin
Related violations: <none>

TIMING-18#149 Warning
Missing input or output delay  
An output delay is missing on q_x_norm_output[6] relative to clock(s) sys_clk_pin
Related violations: <none>

TIMING-18#150 Warning
Missing input or output delay  
An output delay is missing on q_x_norm_output[7] relative to clock(s) sys_clk_pin
Related violations: <none>

TIMING-18#151 Warning
Missing input or output delay  
An output delay is missing on q_x_norm_output[8] relative to clock(s) sys_clk_pin
Related violations: <none>

TIMING-18#152 Warning
Missing input or output delay  
An output delay is missing on q_x_norm_output[9] relative to clock(s) sys_clk_pin
Related violations: <none>

TIMING-18#153 Warning
Missing input or output delay  
An output delay is missing on q_y_norm_output[0] relative to clock(s) sys_clk_pin
Related violations: <none>

TIMING-18#154 Warning
Missing input or output delay  
An output delay is missing on q_y_norm_output[10] relative to clock(s) sys_clk_pin
Related violations: <none>

TIMING-18#155 Warning
Missing input or output delay  
An output delay is missing on q_y_norm_output[11] relative to clock(s) sys_clk_pin
Related violations: <none>

TIMING-18#156 Warning
Missing input or output delay  
An output delay is missing on q_y_norm_output[12] relative to clock(s) sys_clk_pin
Related violations: <none>

TIMING-18#157 Warning
Missing input or output delay  
An output delay is missing on q_y_norm_output[13] relative to clock(s) sys_clk_pin
Related violations: <none>

TIMING-18#158 Warning
Missing input or output delay  
An output delay is missing on q_y_norm_output[14] relative to clock(s) sys_clk_pin
Related violations: <none>

TIMING-18#159 Warning
Missing input or output delay  
An output delay is missing on q_y_norm_output[15] relative to clock(s) sys_clk_pin
Related violations: <none>

TIMING-18#160 Warning
Missing input or output delay  
An output delay is missing on q_y_norm_output[1] relative to clock(s) sys_clk_pin
Related violations: <none>

TIMING-18#161 Warning
Missing input or output delay  
An output delay is missing on q_y_norm_output[2] relative to clock(s) sys_clk_pin
Related violations: <none>

TIMING-18#162 Warning
Missing input or output delay  
An output delay is missing on q_y_norm_output[3] relative to clock(s) sys_clk_pin
Related violations: <none>

TIMING-18#163 Warning
Missing input or output delay  
An output delay is missing on q_y_norm_output[4] relative to clock(s) sys_clk_pin
Related violations: <none>

TIMING-18#164 Warning
Missing input or output delay  
An output delay is missing on q_y_norm_output[5] relative to clock(s) sys_clk_pin
Related violations: <none>

TIMING-18#165 Warning
Missing input or output delay  
An output delay is missing on q_y_norm_output[6] relative to clock(s) sys_clk_pin
Related violations: <none>

TIMING-18#166 Warning
Missing input or output delay  
An output delay is missing on q_y_norm_output[7] relative to clock(s) sys_clk_pin
Related violations: <none>

TIMING-18#167 Warning
Missing input or output delay  
An output delay is missing on q_y_norm_output[8] relative to clock(s) sys_clk_pin
Related violations: <none>

TIMING-18#168 Warning
Missing input or output delay  
An output delay is missing on q_y_norm_output[9] relative to clock(s) sys_clk_pin
Related violations: <none>

TIMING-18#169 Warning
Missing input or output delay  
An output delay is missing on q_z_norm_output[0] relative to clock(s) sys_clk_pin
Related violations: <none>

TIMING-18#170 Warning
Missing input or output delay  
An output delay is missing on q_z_norm_output[10] relative to clock(s) sys_clk_pin
Related violations: <none>

TIMING-18#171 Warning
Missing input or output delay  
An output delay is missing on q_z_norm_output[11] relative to clock(s) sys_clk_pin
Related violations: <none>

TIMING-18#172 Warning
Missing input or output delay  
An output delay is missing on q_z_norm_output[12] relative to clock(s) sys_clk_pin
Related violations: <none>

TIMING-18#173 Warning
Missing input or output delay  
An output delay is missing on q_z_norm_output[13] relative to clock(s) sys_clk_pin
Related violations: <none>

TIMING-18#174 Warning
Missing input or output delay  
An output delay is missing on q_z_norm_output[14] relative to clock(s) sys_clk_pin
Related violations: <none>

TIMING-18#175 Warning
Missing input or output delay  
An output delay is missing on q_z_norm_output[15] relative to clock(s) sys_clk_pin
Related violations: <none>

TIMING-18#176 Warning
Missing input or output delay  
An output delay is missing on q_z_norm_output[1] relative to clock(s) sys_clk_pin
Related violations: <none>

TIMING-18#177 Warning
Missing input or output delay  
An output delay is missing on q_z_norm_output[2] relative to clock(s) sys_clk_pin
Related violations: <none>

TIMING-18#178 Warning
Missing input or output delay  
An output delay is missing on q_z_norm_output[3] relative to clock(s) sys_clk_pin
Related violations: <none>

TIMING-18#179 Warning
Missing input or output delay  
An output delay is missing on q_z_norm_output[4] relative to clock(s) sys_clk_pin
Related violations: <none>

TIMING-18#180 Warning
Missing input or output delay  
An output delay is missing on q_z_norm_output[5] relative to clock(s) sys_clk_pin
Related violations: <none>

TIMING-18#181 Warning
Missing input or output delay  
An output delay is missing on q_z_norm_output[6] relative to clock(s) sys_clk_pin
Related violations: <none>

TIMING-18#182 Warning
Missing input or output delay  
An output delay is missing on q_z_norm_output[7] relative to clock(s) sys_clk_pin
Related violations: <none>

TIMING-18#183 Warning
Missing input or output delay  
An output delay is missing on q_z_norm_output[8] relative to clock(s) sys_clk_pin
Related violations: <none>

TIMING-18#184 Warning
Missing input or output delay  
An output delay is missing on q_z_norm_output[9] relative to clock(s) sys_clk_pin
Related violations: <none>

TIMING-18#185 Warning
Missing input or output delay  
An output delay is missing on ready_in relative to clock(s) sys_clk_pin
Related violations: <none>

TIMING-18#186 Warning
Missing input or output delay  
An output delay is missing on valid_out relative to clock(s) sys_clk_pin
Related violations: <none>


