INFO: [VRFC 10-2263] Analyzing SystemVerilog file "C:/Dev/Madgwick_Quaternion_Filter_Unit/vip/axi4_lite_m_vip_0/sim/axi4_lite_m_vip_0_pkg.sv" into library xil_defaultlib
INFO: [VRFC 10-2263] Analyzing SystemVerilog file "C:/Dev/Madgwick_Quaternion_Filter_Unit/vip/axi4_lite_m_vip_0/sim/axi4_lite_m_vip_0.sv" into library xil_defaultlib
INFO: [VRFC 10-311] analyzing module axi4_lite_m_vip_0
INFO: [VRFC 10-2263] Analyzing SystemVerilog file "C:/Dev/Madgwick_Quaternion_Filter_Unit/ip/MQFU_AXI4_Lite_IP/src/MPU6050.sv" into library xil_defaultlib
INFO: [VRFC 10-311] analyzing module MPU6050
INFO: [VRFC 10-2263] Analyzing SystemVerilog file "C:/Dev/Madgwick_Quaternion_Filter_Unit/ip/MQFU_AXI4_Lite_IP/src/fastInvSqrt.sv" into library xil_defaultlib
INFO: [VRFC 10-311] analyzing module fastInvSqrt
INFO: [VRFC 10-2263] Analyzing SystemVerilog file "C:/Dev/Madgwick_Quaternion_Filter_Unit/ip/MQFU_AXI4_Lite_IP/src/fixToSingle.sv" into library xil_defaultlib
INFO: [VRFC 10-311] analyzing module fixToSingle
INFO: [VRFC 10-2263] Analyzing SystemVerilog file "C:/Dev/Madgwick_Quaternion_Filter_Unit/ip/MQFU_AXI4_Lite_IP/src/madgwick.sv" into library xil_defaultlib
INFO: [VRFC 10-311] analyzing module madgwick
INFO: [VRFC 10-2458] undeclared symbol q_w_half_debug, assumed default net type wire [C:/Dev/Madgwick_Quaternion_Filter_Unit/ip/MQFU_AXI4_Lite_IP/src/madgwick.sv:1203]
INFO: [VRFC 10-2458] undeclared symbol q_x_half_debug, assumed default net type wire [C:/Dev/Madgwick_Quaternion_Filter_Unit/ip/MQFU_AXI4_Lite_IP/src/madgwick.sv:1204]
INFO: [VRFC 10-2458] undeclared symbol q_y_half_debug, assumed default net type wire [C:/Dev/Madgwick_Quaternion_Filter_Unit/ip/MQFU_AXI4_Lite_IP/src/madgwick.sv:1205]
INFO: [VRFC 10-2458] undeclared symbol q_z_half_debug, assumed default net type wire [C:/Dev/Madgwick_Quaternion_Filter_Unit/ip/MQFU_AXI4_Lite_IP/src/madgwick.sv:1206]
INFO: [VRFC 10-2458] undeclared symbol q_w_two_debug, assumed default net type wire [C:/Dev/Madgwick_Quaternion_Filter_Unit/ip/MQFU_AXI4_Lite_IP/src/madgwick.sv:1207]
INFO: [VRFC 10-2458] undeclared symbol q_x_two_debug, assumed default net type wire [C:/Dev/Madgwick_Quaternion_Filter_Unit/ip/MQFU_AXI4_Lite_IP/src/madgwick.sv:1208]
INFO: [VRFC 10-2458] undeclared symbol q_y_two_debug, assumed default net type wire [C:/Dev/Madgwick_Quaternion_Filter_Unit/ip/MQFU_AXI4_Lite_IP/src/madgwick.sv:1209]
INFO: [VRFC 10-2458] undeclared symbol q_z_two_debug, assumed default net type wire [C:/Dev/Madgwick_Quaternion_Filter_Unit/ip/MQFU_AXI4_Lite_IP/src/madgwick.sv:1210]
INFO: [VRFC 10-2458] undeclared symbol j_11_24_debug, assumed default net type wire [C:/Dev/Madgwick_Quaternion_Filter_Unit/ip/MQFU_AXI4_Lite_IP/src/madgwick.sv:1212]
INFO: [VRFC 10-2458] undeclared symbol j_12_23_debug, assumed default net type wire [C:/Dev/Madgwick_Quaternion_Filter_Unit/ip/MQFU_AXI4_Lite_IP/src/madgwick.sv:1213]
INFO: [VRFC 10-2458] undeclared symbol j_13_22_debug, assumed default net type wire [C:/Dev/Madgwick_Quaternion_Filter_Unit/ip/MQFU_AXI4_Lite_IP/src/madgwick.sv:1214]
INFO: [VRFC 10-2458] undeclared symbol j_14_21_debug, assumed default net type wire [C:/Dev/Madgwick_Quaternion_Filter_Unit/ip/MQFU_AXI4_Lite_IP/src/madgwick.sv:1215]
INFO: [VRFC 10-2458] undeclared symbol j_32_debug, assumed default net type wire [C:/Dev/Madgwick_Quaternion_Filter_Unit/ip/MQFU_AXI4_Lite_IP/src/madgwick.sv:1216]
INFO: [VRFC 10-2458] undeclared symbol j_33_debug, assumed default net type wire [C:/Dev/Madgwick_Quaternion_Filter_Unit/ip/MQFU_AXI4_Lite_IP/src/madgwick.sv:1217]
INFO: [VRFC 10-2458] undeclared symbol a_x_norm_debug, assumed default net type wire [C:/Dev/Madgwick_Quaternion_Filter_Unit/ip/MQFU_AXI4_Lite_IP/src/madgwick.sv:1219]
INFO: [VRFC 10-2458] undeclared symbol a_y_norm_debug, assumed default net type wire [C:/Dev/Madgwick_Quaternion_Filter_Unit/ip/MQFU_AXI4_Lite_IP/src/madgwick.sv:1220]
INFO: [VRFC 10-2458] undeclared symbol a_z_norm_debug, assumed default net type wire [C:/Dev/Madgwick_Quaternion_Filter_Unit/ip/MQFU_AXI4_Lite_IP/src/madgwick.sv:1221]
INFO: [VRFC 10-2458] undeclared symbol a_x_norm_temp_debug, assumed default net type wire [C:/Dev/Madgwick_Quaternion_Filter_Unit/ip/MQFU_AXI4_Lite_IP/src/madgwick.sv:1222]
INFO: [VRFC 10-2458] undeclared symbol a_y_norm_temp_debug, assumed default net type wire [C:/Dev/Madgwick_Quaternion_Filter_Unit/ip/MQFU_AXI4_Lite_IP/src/madgwick.sv:1223]
INFO: [VRFC 10-2458] undeclared symbol a_z_norm_temp_debug, assumed default net type wire [C:/Dev/Madgwick_Quaternion_Filter_Unit/ip/MQFU_AXI4_Lite_IP/src/madgwick.sv:1224]
INFO: [VRFC 10-2458] undeclared symbol data_in_invSqrtAccNorm_debug, assumed default net type wire [C:/Dev/Madgwick_Quaternion_Filter_Unit/ip/MQFU_AXI4_Lite_IP/src/madgwick.sv:1225]
INFO: [VRFC 10-2458] undeclared symbol valid_in_invSqrtAccNorm_debug, assumed default net type wire [C:/Dev/Madgwick_Quaternion_Filter_Unit/ip/MQFU_AXI4_Lite_IP/src/madgwick.sv:1226]
INFO: [VRFC 10-2458] undeclared symbol ready_in_invSqrtAccNorm_debug, assumed default net type wire [C:/Dev/Madgwick_Quaternion_Filter_Unit/ip/MQFU_AXI4_Lite_IP/src/madgwick.sv:1227]
INFO: [VRFC 10-2458] undeclared symbol data_out_invSqrtAccNorm_debug, assumed default net type wire [C:/Dev/Madgwick_Quaternion_Filter_Unit/ip/MQFU_AXI4_Lite_IP/src/madgwick.sv:1228]
INFO: [VRFC 10-2458] undeclared symbol valid_out_invSqrtAccNorm_debug, assumed default net type wire [C:/Dev/Madgwick_Quaternion_Filter_Unit/ip/MQFU_AXI4_Lite_IP/src/madgwick.sv:1229]
INFO: [VRFC 10-2458] undeclared symbol ready_out_invSqrtAccNorm_debug, assumed default net type wire [C:/Dev/Madgwick_Quaternion_Filter_Unit/ip/MQFU_AXI4_Lite_IP/src/madgwick.sv:1230]
INFO: [VRFC 10-2458] undeclared symbol start_acc_vec_norm_debug, assumed default net type wire [C:/Dev/Madgwick_Quaternion_Filter_Unit/ip/MQFU_AXI4_Lite_IP/src/madgwick.sv:1231]
INFO: [VRFC 10-2458] undeclared symbol done_acc_vec_norm_debug, assumed default net type wire [C:/Dev/Madgwick_Quaternion_Filter_Unit/ip/MQFU_AXI4_Lite_IP/src/madgwick.sv:1232]
INFO: [VRFC 10-2458] undeclared symbol q_dot_w_debug, assumed default net type wire [C:/Dev/Madgwick_Quaternion_Filter_Unit/ip/MQFU_AXI4_Lite_IP/src/madgwick.sv:1234]
INFO: [VRFC 10-2458] undeclared symbol q_dot_x_debug, assumed default net type wire [C:/Dev/Madgwick_Quaternion_Filter_Unit/ip/MQFU_AXI4_Lite_IP/src/madgwick.sv:1235]
INFO: [VRFC 10-2458] undeclared symbol q_dot_y_debug, assumed default net type wire [C:/Dev/Madgwick_Quaternion_Filter_Unit/ip/MQFU_AXI4_Lite_IP/src/madgwick.sv:1236]
INFO: [VRFC 10-2458] undeclared symbol q_dot_z_debug, assumed default net type wire [C:/Dev/Madgwick_Quaternion_Filter_Unit/ip/MQFU_AXI4_Lite_IP/src/madgwick.sv:1237]
INFO: [VRFC 10-2458] undeclared symbol q_w_half_q_dot_debug, assumed default net type wire [C:/Dev/Madgwick_Quaternion_Filter_Unit/ip/MQFU_AXI4_Lite_IP/src/madgwick.sv:1238]
INFO: [VRFC 10-2458] undeclared symbol q_x_half_q_dot_debug, assumed default net type wire [C:/Dev/Madgwick_Quaternion_Filter_Unit/ip/MQFU_AXI4_Lite_IP/src/madgwick.sv:1239]
INFO: [VRFC 10-2458] undeclared symbol q_y_half_q_dot_debug, assumed default net type wire [C:/Dev/Madgwick_Quaternion_Filter_Unit/ip/MQFU_AXI4_Lite_IP/src/madgwick.sv:1240]
INFO: [VRFC 10-2458] undeclared symbol q_z_half_q_dot_debug, assumed default net type wire [C:/Dev/Madgwick_Quaternion_Filter_Unit/ip/MQFU_AXI4_Lite_IP/src/madgwick.sv:1241]
INFO: [VRFC 10-2458] undeclared symbol q_w_half_q_dot_rounded_debug, assumed default net type wire [C:/Dev/Madgwick_Quaternion_Filter_Unit/ip/MQFU_AXI4_Lite_IP/src/madgwick.sv:1242]
INFO: [VRFC 10-2458] undeclared symbol q_x_half_q_dot_rounded_debug, assumed default net type wire [C:/Dev/Madgwick_Quaternion_Filter_Unit/ip/MQFU_AXI4_Lite_IP/src/madgwick.sv:1243]
INFO: [VRFC 10-2458] undeclared symbol q_y_half_q_dot_rounded_debug, assumed default net type wire [C:/Dev/Madgwick_Quaternion_Filter_Unit/ip/MQFU_AXI4_Lite_IP/src/madgwick.sv:1244]
INFO: [VRFC 10-2458] undeclared symbol q_z_half_q_dot_rounded_debug, assumed default net type wire [C:/Dev/Madgwick_Quaternion_Filter_Unit/ip/MQFU_AXI4_Lite_IP/src/madgwick.sv:1245]
INFO: [VRFC 10-2458] undeclared symbol start_q_dot_debug, assumed default net type wire [C:/Dev/Madgwick_Quaternion_Filter_Unit/ip/MQFU_AXI4_Lite_IP/src/madgwick.sv:1246]
INFO: [VRFC 10-2458] undeclared symbol done_q_dot_debug, assumed default net type wire [C:/Dev/Madgwick_Quaternion_Filter_Unit/ip/MQFU_AXI4_Lite_IP/src/madgwick.sv:1247]
INFO: [VRFC 10-2458] undeclared symbol f1_debug, assumed default net type wire [C:/Dev/Madgwick_Quaternion_Filter_Unit/ip/MQFU_AXI4_Lite_IP/src/madgwick.sv:1249]
INFO: [VRFC 10-2458] undeclared symbol f2_debug, assumed default net type wire [C:/Dev/Madgwick_Quaternion_Filter_Unit/ip/MQFU_AXI4_Lite_IP/src/madgwick.sv:1250]
INFO: [VRFC 10-2458] undeclared symbol f3_debug, assumed default net type wire [C:/Dev/Madgwick_Quaternion_Filter_Unit/ip/MQFU_AXI4_Lite_IP/src/madgwick.sv:1251]
INFO: [VRFC 10-2458] undeclared symbol q_w_two_obj_func_debug, assumed default net type wire [C:/Dev/Madgwick_Quaternion_Filter_Unit/ip/MQFU_AXI4_Lite_IP/src/madgwick.sv:1252]
INFO: [VRFC 10-2458] undeclared symbol q_x_two_obj_func_debug, assumed default net type wire [C:/Dev/Madgwick_Quaternion_Filter_Unit/ip/MQFU_AXI4_Lite_IP/src/madgwick.sv:1253]
INFO: [VRFC 10-2458] undeclared symbol q_y_two_obj_func_debug, assumed default net type wire [C:/Dev/Madgwick_Quaternion_Filter_Unit/ip/MQFU_AXI4_Lite_IP/src/madgwick.sv:1254]
INFO: [VRFC 10-2458] undeclared symbol a_x_norm_obj_func_debug, assumed default net type wire [C:/Dev/Madgwick_Quaternion_Filter_Unit/ip/MQFU_AXI4_Lite_IP/src/madgwick.sv:1255]
INFO: [VRFC 10-2458] undeclared symbol a_y_norm_obj_func_debug, assumed default net type wire [C:/Dev/Madgwick_Quaternion_Filter_Unit/ip/MQFU_AXI4_Lite_IP/src/madgwick.sv:1256]
INFO: [VRFC 10-2458] undeclared symbol a_z_norm_obj_func_debug, assumed default net type wire [C:/Dev/Madgwick_Quaternion_Filter_Unit/ip/MQFU_AXI4_Lite_IP/src/madgwick.sv:1257]
INFO: [VRFC 10-2458] undeclared symbol one_obj_func_debug, assumed default net type wire [C:/Dev/Madgwick_Quaternion_Filter_Unit/ip/MQFU_AXI4_Lite_IP/src/madgwick.sv:1258]
INFO: [VRFC 10-2458] undeclared symbol start_obj_func_debug, assumed default net type wire [C:/Dev/Madgwick_Quaternion_Filter_Unit/ip/MQFU_AXI4_Lite_IP/src/madgwick.sv:1259]
INFO: [VRFC 10-2458] undeclared symbol done_obj_func_debug, assumed default net type wire [C:/Dev/Madgwick_Quaternion_Filter_Unit/ip/MQFU_AXI4_Lite_IP/src/madgwick.sv:1260]
INFO: [VRFC 10-2458] undeclared symbol q_hat_dot_w_debug, assumed default net type wire [C:/Dev/Madgwick_Quaternion_Filter_Unit/ip/MQFU_AXI4_Lite_IP/src/madgwick.sv:1262]
INFO: [VRFC 10-2458] undeclared symbol q_hat_dot_x_debug, assumed default net type wire [C:/Dev/Madgwick_Quaternion_Filter_Unit/ip/MQFU_AXI4_Lite_IP/src/madgwick.sv:1263]
INFO: [VRFC 10-2458] undeclared symbol q_hat_dot_y_debug, assumed default net type wire [C:/Dev/Madgwick_Quaternion_Filter_Unit/ip/MQFU_AXI4_Lite_IP/src/madgwick.sv:1264]
INFO: [VRFC 10-2458] undeclared symbol q_hat_dot_z_debug, assumed default net type wire [C:/Dev/Madgwick_Quaternion_Filter_Unit/ip/MQFU_AXI4_Lite_IP/src/madgwick.sv:1265]
INFO: [VRFC 10-2458] undeclared symbol q_hat_dot_w_temp_debug, assumed default net type wire [C:/Dev/Madgwick_Quaternion_Filter_Unit/ip/MQFU_AXI4_Lite_IP/src/madgwick.sv:1266]
INFO: [VRFC 10-2458] undeclared symbol q_hat_dot_x_temp_debug, assumed default net type wire [C:/Dev/Madgwick_Quaternion_Filter_Unit/ip/MQFU_AXI4_Lite_IP/src/madgwick.sv:1267]
INFO: [VRFC 10-2458] undeclared symbol q_hat_dot_y_temp_debug, assumed default net type wire [C:/Dev/Madgwick_Quaternion_Filter_Unit/ip/MQFU_AXI4_Lite_IP/src/madgwick.sv:1268]
INFO: [VRFC 10-2458] undeclared symbol q_hat_dot_z_temp_debug, assumed default net type wire [C:/Dev/Madgwick_Quaternion_Filter_Unit/ip/MQFU_AXI4_Lite_IP/src/madgwick.sv:1269]
INFO: [VRFC 10-2458] undeclared symbol start_err_grad_debug, assumed default net type wire [C:/Dev/Madgwick_Quaternion_Filter_Unit/ip/MQFU_AXI4_Lite_IP/src/madgwick.sv:1270]
INFO: [VRFC 10-2458] undeclared symbol done_err_grad_debug, assumed default net type wire [C:/Dev/Madgwick_Quaternion_Filter_Unit/ip/MQFU_AXI4_Lite_IP/src/madgwick.sv:1271]
INFO: [VRFC 10-2458] undeclared symbol q_hat_dot_w_norm_debug, assumed default net type wire [C:/Dev/Madgwick_Quaternion_Filter_Unit/ip/MQFU_AXI4_Lite_IP/src/madgwick.sv:1273]
INFO: [VRFC 10-2458] undeclared symbol q_hat_dot_x_norm_debug, assumed default net type wire [C:/Dev/Madgwick_Quaternion_Filter_Unit/ip/MQFU_AXI4_Lite_IP/src/madgwick.sv:1274]
INFO: [VRFC 10-2458] undeclared symbol q_hat_dot_y_norm_debug, assumed default net type wire [C:/Dev/Madgwick_Quaternion_Filter_Unit/ip/MQFU_AXI4_Lite_IP/src/madgwick.sv:1275]
INFO: [VRFC 10-2458] undeclared symbol q_hat_dot_z_norm_debug, assumed default net type wire [C:/Dev/Madgwick_Quaternion_Filter_Unit/ip/MQFU_AXI4_Lite_IP/src/madgwick.sv:1276]
INFO: [VRFC 10-2458] undeclared symbol q_hat_dot_w_norm_temp_debug, assumed default net type wire [C:/Dev/Madgwick_Quaternion_Filter_Unit/ip/MQFU_AXI4_Lite_IP/src/madgwick.sv:1277]
INFO: [VRFC 10-2458] undeclared symbol q_hat_dot_x_norm_temp_debug, assumed default net type wire [C:/Dev/Madgwick_Quaternion_Filter_Unit/ip/MQFU_AXI4_Lite_IP/src/madgwick.sv:1278]
INFO: [VRFC 10-2458] undeclared symbol q_hat_dot_y_norm_temp_debug, assumed default net type wire [C:/Dev/Madgwick_Quaternion_Filter_Unit/ip/MQFU_AXI4_Lite_IP/src/madgwick.sv:1279]
INFO: [VRFC 10-2458] undeclared symbol q_hat_dot_z_norm_temp_debug, assumed default net type wire [C:/Dev/Madgwick_Quaternion_Filter_Unit/ip/MQFU_AXI4_Lite_IP/src/madgwick.sv:1280]
INFO: [VRFC 10-2458] undeclared symbol q_hat_dot_mag_sqr_debug, assumed default net type wire [C:/Dev/Madgwick_Quaternion_Filter_Unit/ip/MQFU_AXI4_Lite_IP/src/madgwick.sv:1281]
INFO: [VRFC 10-2458] undeclared symbol start_err_grad_norm_debug, assumed default net type wire [C:/Dev/Madgwick_Quaternion_Filter_Unit/ip/MQFU_AXI4_Lite_IP/src/madgwick.sv:1282]
INFO: [VRFC 10-2458] undeclared symbol done_err_grad_norm_debug, assumed default net type wire [C:/Dev/Madgwick_Quaternion_Filter_Unit/ip/MQFU_AXI4_Lite_IP/src/madgwick.sv:1283]
INFO: [VRFC 10-2458] undeclared symbol beta_debug, assumed default net type wire [C:/Dev/Madgwick_Quaternion_Filter_Unit/ip/MQFU_AXI4_Lite_IP/src/madgwick.sv:1285]
INFO: [VRFC 10-2458] undeclared symbol delta_t_debug, assumed default net type wire [C:/Dev/Madgwick_Quaternion_Filter_Unit/ip/MQFU_AXI4_Lite_IP/src/madgwick.sv:1286]
INFO: [VRFC 10-2458] undeclared symbol q_dot_w_quat_int_debug, assumed default net type wire [C:/Dev/Madgwick_Quaternion_Filter_Unit/ip/MQFU_AXI4_Lite_IP/src/madgwick.sv:1287]
INFO: [VRFC 10-2458] undeclared symbol q_dot_x_quat_int_debug, assumed default net type wire [C:/Dev/Madgwick_Quaternion_Filter_Unit/ip/MQFU_AXI4_Lite_IP/src/madgwick.sv:1288]
INFO: [VRFC 10-2458] undeclared symbol q_dot_y_quat_int_debug, assumed default net type wire [C:/Dev/Madgwick_Quaternion_Filter_Unit/ip/MQFU_AXI4_Lite_IP/src/madgwick.sv:1289]
INFO: [VRFC 10-2458] undeclared symbol q_dot_z_quat_int_debug, assumed default net type wire [C:/Dev/Madgwick_Quaternion_Filter_Unit/ip/MQFU_AXI4_Lite_IP/src/madgwick.sv:1290]
INFO: [VRFC 10-2458] undeclared symbol q_w_quat_int_debug, assumed default net type wire [C:/Dev/Madgwick_Quaternion_Filter_Unit/ip/MQFU_AXI4_Lite_IP/src/madgwick.sv:1291]
INFO: [VRFC 10-2458] undeclared symbol q_x_quat_int_debug, assumed default net type wire [C:/Dev/Madgwick_Quaternion_Filter_Unit/ip/MQFU_AXI4_Lite_IP/src/madgwick.sv:1292]
INFO: [VRFC 10-2458] undeclared symbol q_y_quat_int_debug, assumed default net type wire [C:/Dev/Madgwick_Quaternion_Filter_Unit/ip/MQFU_AXI4_Lite_IP/src/madgwick.sv:1293]
INFO: [VRFC 10-2458] undeclared symbol q_z_quat_int_debug, assumed default net type wire [C:/Dev/Madgwick_Quaternion_Filter_Unit/ip/MQFU_AXI4_Lite_IP/src/madgwick.sv:1294]
INFO: [VRFC 10-2458] undeclared symbol q_w_temp_debug, assumed default net type wire [C:/Dev/Madgwick_Quaternion_Filter_Unit/ip/MQFU_AXI4_Lite_IP/src/madgwick.sv:1295]
INFO: [VRFC 10-2458] undeclared symbol q_x_temp_debug, assumed default net type wire [C:/Dev/Madgwick_Quaternion_Filter_Unit/ip/MQFU_AXI4_Lite_IP/src/madgwick.sv:1296]
INFO: [VRFC 10-2458] undeclared symbol q_y_temp_debug, assumed default net type wire [C:/Dev/Madgwick_Quaternion_Filter_Unit/ip/MQFU_AXI4_Lite_IP/src/madgwick.sv:1297]
INFO: [VRFC 10-2458] undeclared symbol q_z_temp_debug, assumed default net type wire [C:/Dev/Madgwick_Quaternion_Filter_Unit/ip/MQFU_AXI4_Lite_IP/src/madgwick.sv:1298]
INFO: [VRFC 10-2458] undeclared symbol q_round_const_debug, assumed default net type wire [C:/Dev/Madgwick_Quaternion_Filter_Unit/ip/MQFU_AXI4_Lite_IP/src/madgwick.sv:1299]
INFO: [VRFC 10-2458] undeclared symbol q_w_rounded_debug, assumed default net type wire [C:/Dev/Madgwick_Quaternion_Filter_Unit/ip/MQFU_AXI4_Lite_IP/src/madgwick.sv:1300]
INFO: [VRFC 10-2458] undeclared symbol q_x_rounded_debug, assumed default net type wire [C:/Dev/Madgwick_Quaternion_Filter_Unit/ip/MQFU_AXI4_Lite_IP/src/madgwick.sv:1301]
INFO: [VRFC 10-2458] undeclared symbol q_y_rounded_debug, assumed default net type wire [C:/Dev/Madgwick_Quaternion_Filter_Unit/ip/MQFU_AXI4_Lite_IP/src/madgwick.sv:1302]
INFO: [VRFC 10-2458] undeclared symbol q_z_rounded_debug, assumed default net type wire [C:/Dev/Madgwick_Quaternion_Filter_Unit/ip/MQFU_AXI4_Lite_IP/src/madgwick.sv:1303]
INFO: [VRFC 10-2458] undeclared symbol q_w_debug, assumed default net type wire [C:/Dev/Madgwick_Quaternion_Filter_Unit/ip/MQFU_AXI4_Lite_IP/src/madgwick.sv:1304]
INFO: [VRFC 10-2458] undeclared symbol q_x_debug, assumed default net type wire [C:/Dev/Madgwick_Quaternion_Filter_Unit/ip/MQFU_AXI4_Lite_IP/src/madgwick.sv:1305]
INFO: [VRFC 10-2458] undeclared symbol q_y_debug, assumed default net type wire [C:/Dev/Madgwick_Quaternion_Filter_Unit/ip/MQFU_AXI4_Lite_IP/src/madgwick.sv:1306]
INFO: [VRFC 10-2458] undeclared symbol q_z_debug, assumed default net type wire [C:/Dev/Madgwick_Quaternion_Filter_Unit/ip/MQFU_AXI4_Lite_IP/src/madgwick.sv:1307]
INFO: [VRFC 10-2458] undeclared symbol start_quat_int_debug, assumed default net type wire [C:/Dev/Madgwick_Quaternion_Filter_Unit/ip/MQFU_AXI4_Lite_IP/src/madgwick.sv:1308]
INFO: [VRFC 10-2458] undeclared symbol done_quat_int_debug, assumed default net type wire [C:/Dev/Madgwick_Quaternion_Filter_Unit/ip/MQFU_AXI4_Lite_IP/src/madgwick.sv:1309]
INFO: [Common 17-14] Message 'VRFC 10-2458' appears 100 times and further instances of the messages will be disabled. Use the Tcl command set_msg_config to change the current settings.
INFO: [VRFC 10-2263] Analyzing SystemVerilog file "C:/Dev/Madgwick_Quaternion_Filter_Unit/ip/MQFU_AXI4_Lite_IP/src/newtonRaphson.sv" into library xil_defaultlib
INFO: [VRFC 10-311] analyzing module newtonRaphson
INFO: [VRFC 10-2263] Analyzing SystemVerilog file "C:/Dev/Madgwick_Quaternion_Filter_Unit/ip/MQFU_AXI4_Lite_IP/src/singleToFix.sv" into library xil_defaultlib
INFO: [VRFC 10-311] analyzing module singleToFix
INFO: [VRFC 10-2263] Analyzing Verilog file "C:/Dev/Madgwick_Quaternion_Filter_Unit/ip/MQFU_AXI4_Lite_IP/hdl/MQFU_AXI4_Lite_IP_v1_0.v" into library xil_defaultlib
INFO: [VRFC 10-311] analyzing module MQFU_AXI4_Lite_IP_v1_0
INFO: [VRFC 10-2263] Analyzing Verilog file "C:/Dev/Madgwick_Quaternion_Filter_Unit/ip/MQFU_AXI4_Lite_IP/sim/MQFU_AXI4_Lite_IP.v" into library xil_defaultlib
INFO: [VRFC 10-311] analyzing module MQFU_AXI4_Lite_IP
INFO: [VRFC 10-2263] Analyzing SystemVerilog file "C:/Dev/Madgwick_Quaternion_Filter_Unit/tb/tb_MQFU_AXI4_Lite_IP_v1_0.sv" into library xil_defaultlib
INFO: [VRFC 10-311] analyzing module tb_MQFU_AXI4_Lite_IP_v1_0
